<?xml version="1.0" encoding="UTF-8"?>
<!-- Generated by org.testng.reporters.JUnitReportReporter -->
<testsuite hostname="IN-696XTN3" failures="0" tests="3" name="api.test.UserTests" time="5.183" errors="0" timestamp="2024-08-17T15:06:00 IST" skipped="0">
  <testcase classname="api.test.UserTests" name="testpostuser" time="2.671"/>
  <system-out/>
  <testcase classname="api.test.UserTests" name="testgettuser" time="1.271"/>
  <system-out/>
  <testcase classname="api.test.UserTests" name="testupdateuser" time="1.241"/>
  <system-out/>
</testsuite> <!-- api.test.UserTests -->
