<?xml version="1.0" encoding="UTF-8"?>
<!-- Generated by org.testng.reporters.JUnitReportReporter -->
<testsuite hostname="IN-696XTN3" failures="0" tests="3" name="api.test.UserTests" time="5.119" errors="0" timestamp="2024-08-29T16:21:20 IST" skipped="0">
  <testcase classname="api.test.UserTests" name="testpostuser" time="2.797"/>
  <system-out/>
  <testcase classname="api.test.UserTests" name="testgettuser" time="1.193"/>
  <system-out/>
  <testcase classname="api.test.UserTests" name="testupdateuser" time="1.129"/>
  <system-out/>
</testsuite> <!-- api.test.UserTests -->
